<?xml version="1.0" encoding="UTF-8" standalone="yes"?><!DOCTYPE report PUBLIC "-//JACOCO//DTD Report 1.0//EN" "report.dtd"><report name="Apache Kylin"><sessioninfo id="Matthews-MacBook-Pro.local-ed3986e8" start="1513149873571" dump="1513149877361"/><sessioninfo id="Matthews-MacBook-Pro.local-81ea2a74" start="1513149882486" dump="1513149894785"/><sessioninfo id="Matthews-MacBook-Pro.local-1e450e5b" start="1513149898614" dump="1513149924260"/><sessioninfo id="Matthews-MacBook-Pro.local-3d9e53c4" start="1513149928717" dump="1513149932283"/><sessioninfo id="Matthews-MacBook-Pro.local-66deb9d9" start="1513149933918" dump="1513149938752"/><sessioninfo id="Matthews-MacBook-Pro.local-a7a145b6" start="1513149940902" dump="1513149988839"/><sessioninfo id="Matthews-MacBook-Pro.local-3a4b7fad" start="1513149990910" dump="1513149994521"/><sessioninfo id="Matthews-MacBook-Pro.local-e346f5bf" start="1513149997640" dump="1513150019710"/><sessioninfo id="Matthews-MacBook-Pro.local-7407803f" start="1513150023058" dump="1513150026552"/><sessioninfo id="Matthews-MacBook-Pro.local-fcd87892" start="1513150031649" dump="1513150044956"/><sessioninfo id="Matthews-MacBook-Pro.local-c30c37e8" start="1513150051266" dump="1513150059575"/><sessioninfo id="Matthews-MacBook-Pro.local-73bf9554" start="1513150064995" dump="1513150070280"/><sessioninfo id="Matthews-MacBook-Pro.local-ab1d4938" start="1513150074020" dump="1513150075471"/><sessioninfo id="Matthews-MacBook-Pro.local-7c8fac76" start="1513150078430" dump="1513150080145"/><sessioninfo id="Matthews-MacBook-Pro.local-9dc3a2e5" start="1513150083406" dump="1513150089861"/><sessioninfo id="Matthews-MacBook-Pro.local-c95cde0c" start="1513150096667" dump="1513150098112"/><sessioninfo id="Matthews-MacBook-Pro.local-b3905ab5" start="1513150104272" dump="1513150150002"/><sessioninfo id="Matthews-MacBook-Pro.local-493096ad" start="1513150152686" dump="1513150153959"/><sessioninfo id="Matthews-MacBook-Pro.local-9782e819" start="1513150157329" dump="1513150159623"/><sessioninfo id="Matthews-MacBook-Pro.local-5fc1e84c" start="1513150163374" dump="1513150166640"/><sessioninfo id="Matthews-MacBook-Pro.local-62b5fb51" start="1513188561212" dump="1513188564983"/><sessioninfo id="Matthews-MacBook-Pro.local-ccbc331b" start="1513188574162" dump="1513188598467"/><sessioninfo id="Matthews-MacBook-Pro.local-3d521393" start="1513188604397" dump="1513188674157"/></report>