<?xml version="1.0" encoding="UTF-8"?>
<testsuite xmlns:xsi="http://www.w3.org/2001/XMLSchema-instance" xsi:schemaLocation="https://maven.apache.org/surefire/maven-surefire-plugin/xsd/surefire-test-report.xsd" name="org.apache.kylin.cube.CubeDescTest" time="11.188" tests="25" errors="0" skipped="0" failures="0">
  <properties>
[...]
</properties>
  <testcase name="testBadInit1" classname="org.apache.kylin.cube.CubeDescTest" time="0.453"/>
  <testcase name="testBadInit2" classname="org.apache.kylin.cube.CubeDescTest" time="0.402"/>
  <testcase name="testBadInit3" classname="org.apache.kylin.cube.CubeDescTest" time="0.417"/>
  <testcase name="testBadInit4" classname="org.apache.kylin.cube.CubeDescTest" time="0.425"/>
  <testcase name="testBadInit5" classname="org.apache.kylin.cube.CubeDescTest" time="0.439"/>
  <testcase name="testBadInit6" classname="org.apache.kylin.cube.CubeDescTest" time="0.514"/>
  <testcase name="testBadInit7" classname="org.apache.kylin.cube.CubeDescTest" time="0.395"/>
  <testcase name="testBadInit8" classname="org.apache.kylin.cube.CubeDescTest" time="0.405"/>
  <testcase name="testBadInit9" classname="org.apache.kylin.cube.CubeDescTest" time="0.451"/>
  <testcase name="testGoodInit" classname="org.apache.kylin.cube.CubeDescTest" time="0.383"/>
  <testcase name="testTooManyRowkeys" classname="org.apache.kylin.cube.CubeDescTest" time="0.968"/>
  <testcase name="testInitPartialCube" classname="org.apache.kylin.cube.CubeDescTest" time="0.412"/>
  <testcase name="testSerialize" classname="org.apache.kylin.cube.CubeDescTest" time="0.507"/>
  <testcase name="testDerivedInfo" classname="org.apache.kylin.cube.CubeDescTest" time="0.376"/>
  <testcase name="testGetCopyOf" classname="org.apache.kylin.cube.CubeDescTest" time="0.389"/>
  <testcase name="testCiCube" classname="org.apache.kylin.cube.CubeDescTest" time="0.407"/>
  <testcase name="testGetCubeDesc" classname="org.apache.kylin.cube.CubeDescTest" time="0.365"/>
  <testcase name="testCombinationIntOverflow" classname="org.apache.kylin.cube.CubeDescTest" time="0.774"/>
  <testcase name="testSerializeMap" classname="org.apache.kylin.cube.CubeDescTest" time="0.371"/>
  <testcase name="testBadInit10" classname="org.apache.kylin.cube.CubeDescTest" time="0.371"/>
  <testcase name="testBadInit11" classname="org.apache.kylin.cube.CubeDescTest" time="0.424"/>
  <testcase name="testBadInit12" classname="org.apache.kylin.cube.CubeDescTest" time="0.377"/>
  <testcase name="testBadInit13" classname="org.apache.kylin.cube.CubeDescTest" time="0.366"/>
  <testcase name="testBadInit14" classname="org.apache.kylin.cube.CubeDescTest" time="0.391"/>
  <testcase name="testBadInit15" classname="org.apache.kylin.cube.CubeDescTest" time="0.399"/>
</testsuite>