<!DOCTYPE html>
<html xmlns="http://www.w3.org/1999/xhtml" xml:lang="en" lang="en">
<head>
    <meta http-equiv="Content-Type" content="text/html; charset=UTF-8"/>

    
    
    <link rel="SHORTCUT ICON" href="../../../../img/clover.ico" />

    <link rel="stylesheet" href="../../../../aui/css/aui.min.css" media="all"/>
    <link rel="stylesheet" href="../../../../aui/css/aui-experimental.min.css" media="all"/>
    <!--[if IE 9]><link rel="stylesheet" href="../../../../aui/css/aui-ie9.min.css" media="all"/><![endif]-->

    <style type="text/css" media="all">
        @import url('../../../../style.css');
        @import url('../../../../tree.css');
        
    </style>

    <script src="../../../../jquery-1.8.3.min.js" type="text/javascript"></script>
    <script src="../../../../aui/js/aui.min.js" type="text/javascript"></script>
    <script src="../../../../aui/js/aui-experimental.min.js" type="text/javascript"></script>
    <script src="../../../../aui/js/aui-soy.min.js" type="text/javascript"></script>

    <script src="../../../../package-nodes-tree.js" type="text/javascript"></script>
    <script src="../../../../clover-tree.js" type="text/javascript"></script>
    <script src="../../../../clover.js" type="text/javascript"></script>
    <script src="../../../../clover-descriptions.js" type="text/javascript"></script>
    <script src="../../../../cloud.js" type="text/javascript"></script>

            <title>Apache Kylin 2.3.0-SNAPSHOT (Aggregated)</title>
    </head>

<body>
    <div id="page">
        
        


<header id="header" role="banner">
    <nav class="aui-header aui-dropdown2-trigger-group" role="navigation">
        <div class="aui-header-inner">
            <div class="aui-header-primary">
                <h1 id="logo" class="aui-header-logo aui-header-logo-clover">
                    <a href="http://openclover.org" title="Visit OpenClover home page"><span class="aui-header-logo-device">OpenClover</span></a>
                </h1>
                            </div>
            <div class="aui-header-secondary">
                <ul class="aui-nav">
                    <li id="system-help-menu">
                        <a class="aui-nav-link" title="Open online documentation" target="_blank"
                           href="http://openclover.org/documentation">
                            <span class="aui-icon aui-icon-small aui-iconfont-help">&#160;Help</span>
                        </a>
                    </li>
                </ul>
            </div>
        </div>
    </nav>
</header>
        
        <div class="aui-page-panel">
            <div class="aui-page-panel-inner">
                <div class="aui-page-panel-nav aui-page-panel-nav-clover">
                    

<div class="aui-page-header-inner" style="margin-bottom: 20px;">
    <div class="aui-page-header-image">
                    <a href="http://kylin.apache.org" target="_top">
                <div class="aui-avatar aui-avatar-large aui-avatar-project">
            <div class="aui-avatar-inner">
                                    <img src="../../../../img/clover_logo_large.png" alt="Clover icon"/>
                            </div>
        </div>
                    </a>
            </div>
    <div class="aui-page-header-main" >
        <h1>
                            <a href="http://kylin.apache.org" target="_top">
                                        Apache Kylin 2.3.0-SNAPSHOT (Aggregated)
                                        </a>
                    </h1>
    </div>
</div>

<nav class="aui-navgroup aui-navgroup-vertical">
    <div class="aui-navgroup-inner">
                                            <ul class="aui-nav">
                <li class="">
                    <a href="../../../../dashboard.html">Project overview</a>
                </li>
            </ul>
        
                <div class="aui-nav-heading packages-nav-heading">
            <strong>Packages</strong>
        </div>
        <div class="aui-nav project-packages">
            <form method="get" action="#" class="aui package-filter-container">
                <input type="text" autocomplete="off" class="package-filter text"
                       placeholder="Type to filter packages..." name="package-filter" id="package-filter"
                       title="Start typing package name (or part of the name) to search through the tree. Use arrow keys and the Enter key to navigate."/>
            </form>
            <p class="package-filter-no-results-message hidden">
                <small>No results found.</small>
            </p>
                                                <div class="packages-tree-wrapper" data-root-relative="../../../../" data-package-name="org.apache.kylin.cube">
                <div class="packages-tree-container"></div>
                <div class="clover-packages-lozenges"></div>
            </div>
        </div>
        
            </div>
</nav>                </div>
                <section class="aui-page-panel-content">
                    <div class="aui-page-panel-content-clover">

                    
                    <div class="aui-page-header-main"><ol class="aui-nav aui-nav-breadcrumbs">
    
    <li><a href="../../../../dashboard.html"> Project Clover database Wed Dec 13 2017 10:24:58 PST</a></li>
     <li><a href="test-pkg-summary.html">Package org.apache.kylin.cube</a></li>
</ol></div>
    
<h1 class="aui-h2-clover">
            
        Class CubeDescTest
    </h1>


 
<div class="aui-tabs horizontal-tabs" id="tabs-file">
    <ul class="tabs-menu">
        <li class="menu-item">
            <a href="CubeDescTest.html"><strong>Source file</strong></a>
        </li>
        <li class="menu-item active-tab">
            <a href="#tabs-file-test-results"><strong>Test results</strong></a>
        </li>
    </ul>
    <div class="tabs-pane aui-tabs-pane-100-pcnt active-pane" id="tabs-file-test-results">
        <div>&#160;</div>




<table id="testClassSummaryTable" class="aui">
<thead>
    <tr>
        <th width="40%"><label>Class</label></th>
        <th width="10%"><label title="Total number of tests (or test iterations) executed.">Tests</label></th>
        <th width="10%"><label title="Number of failed tests">Fail</label></th>
        <th width="10%"><label title="Number of test errors">Error</label></th>
        <th width="10%">
            <label title="The total time in seconds taken to run this set of tests.">Time (secs)</label>
        </th>
        <th width="20%"><label>% Tests Success</label></th>
    </tr>
</thead>
<tbody>
    <tr>
        <td>CubeDescTest</td>
        <td class="testPasses"><span class="sortValue">25</span>25</td>
<td class="testFailures"><span class="sortValue">15</span>15</td>
<td class=""><span class="sortValue">0</span>0</td>
        <td>1.041</td>
        <td class="align-middle">
            

<div style="display: table; width: 100%">
            <div class="barGraphValue"><span class="sortValue">0.4</span>40%</div>         <div style="display: table-cell">
            
            <div title="0% Errors" style="min-width: 40px;" class="testBarError">
                <div title="40% of tests passed&lt;br/&gt;60% of tests failed" class="testBarFail" style="width: 100%"><div class="testBarPass" style="width: 40%"></div></div>
            </div>
        </div>
    </div>        </td>
    </tr>
</tbody>
</table>

<div>&#160;</div>

<table id="testClassTestsTable" class="aui aui-table-sortable">
<thead>
    <tr>
        <th width="40%">
            <label title="Tests (or test iterations) which were executed.">Tests</label>
        </th>
        <th width="10%"><label>Started</label></th>
        <th width="10%"><label>Status</label></th>
        <th width="10%">
            <label title="The total time in seconds taken to run this set of tests.">Time (secs)</label>
        </th>
        <th width="30%"><label>Message</label></th>
    </tr>
</thead>
<tbody>


<tr>
    <td><span class="sortValue">CubeDescTest.testCombinationIntOverflow</span><a href="CubeDescTest_testCombinationIntOverflow_6w.html">CubeDescTest.testCombinationIntOverflow</a></td>
    <td style="whitespace:nowrap;"><span class="sortValue">1513189187153</span>13 Dec 10:19:47</td>
    <td>      <span class="sortValue">3</span><span class="aui-lozenge aui-lozenge-error">FAIL</span>
  </td>
    <td><span class="sortValue">0.39</span>0.39</td>
    <td style="width:50%">
    <span class="sortValue">Aggregation&#160;group&#160;0&#160;of&#160;Cube&#160;Desc&#160;ut_cube_desc_combination_int_overflow&#160;has&#160;too&#160;many&#160;combinations:&#160;17179869183.&#160;Use&#160;'mandatory'/'hierarchy'/'joint'&#160;to&#160;optimize;&#160;or&#160;update&#160;'kylin.cube.aggrgroup.max-combination'&#160;to&#160;a&#160;bigger&#160;value.</span>
        <span class="expand" id="togglebut1" onclick="toggleNodeExpansion('togglebut1', 'msgc1', 'msge1');return false;">&#160;</span>
        <div class="errorMessage" id="msgc1">Aggregation&#160;group&#160;0&#160;of&#160;Cube&#160;Desc&#160;ut_cube_desc_combination_int_overflow&#160;has&#160;too&#160;many&#160;combinations:&#160;17179869183.&#160;Use&#160;'mandatory'/'hierarchy'/'joint'&#160;to&#160;optimize;&#160;or&#160;update&#160;'kylin.cube.aggrgroup.max-combination'&#160;to&#160;a&#160;bigger&#160;value.</div>
        <div class="errorMessage" id="msge1" style="display:none;"> <div>org.apache.kylin.cube.model.TooManyCuboidException: Aggregation group 0 of Cube Desc ut_cube_desc_combination_int_overflow has too many combinations: 17179869183. Use 'mandatory'/'hierarchy'/'joint' to optimize; or update 'kylin.cube.aggrgroup.max-combination' to a bigger value.</div><div>	at <a href="../../../../org/apache/kylin/cube/model/CubeDesc.html?line=661#src-661">org.apache.kylin.cube.model.CubeDesc.validateAggregationGroupsCombination(CubeDesc.java:661)</a></div><div>	at <a href="../../../../org/apache/kylin/cube/model/CubeDesc.html?line=602#src-602">org.apache.kylin.cube.model.CubeDesc.init(CubeDesc.java:602)</a></div><div>	at <a href="../../../../org/apache/kylin/cube/CubeDescTest.html?line=382#src-382">org.apache.kylin.cube.CubeDescTest.testCombinationIntOverflow(CubeDescTest.java:382)</a></div><div> at org.junit.runners.model.FrameworkMethod$1.runReflectiveCall(FrameworkMethod.java:50)</div><div> at org.junit.internal.runners.model.ReflectiveCallable.run(ReflectiveCallable.java:12)</div><div> at org.junit.runners.model.FrameworkMethod.invokeExplosively(FrameworkMethod.java:47)</div><div> at org.junit.internal.runners.statements.InvokeMethod.evaluate(InvokeMethod.java:17)</div><div> at org.junit.internal.runners.statements.RunBefores.evaluate(RunBefores.java:26)</div><div> at org.junit.internal.runners.statements.RunAfters.evaluate(RunAfters.java:27)</div><div> at org.junit.rules.ExpectedException$ExpectedExceptionStatement.evaluate(ExpectedException.java:239)</div><div> at org.junit.rules.RunRules.evaluate(RunRules.java:20)</div><div> at org.junit.runners.ParentRunner.runLeaf(ParentRunner.java:325)</div><div> at org.junit.runners.BlockJUnit4ClassRunner.runChild(BlockJUnit4ClassRunner.java:78)</div><div> at org.junit.runners.BlockJUnit4ClassRunner.runChild(BlockJUnit4ClassRunner.java:57)</div><div> at org.junit.runners.ParentRunner$3.run(ParentRunner.java:290)</div><div> at org.junit.runners.ParentRunner$1.schedule(ParentRunner.java:71)</div><div> at org.junit.runners.ParentRunner.runChildren(ParentRunner.java:288)</div><div> at org.junit.runners.ParentRunner.access$000(ParentRunner.java:58)</div><div> at org.junit.runners.ParentRunner$2.evaluate(ParentRunner.java:268)</div><div> at org.junit.runners.ParentRunner.run(ParentRunner.java:363)</div><div> at org.apache.maven.surefire.junit4.JUnit4Provider.execute(JUnit4Provider.java:367)</div><div> at org.apache.maven.surefire.junit4.JUnit4Provider.executeWithRerun(JUnit4Provider.java:274)</div><div> at org.apache.maven.surefire.junit4.JUnit4Provider.executeTestSet(JUnit4Provider.java:238)</div><div> at org.apache.maven.surefire.junit4.JUnit4Provider.invoke(JUnit4Provider.java:161)</div><div> at org.apache.maven.surefire.booter.ForkedBooter.invokeProviderInSameClassLoader(ForkedBooter.java:290)</div><div> at org.apache.maven.surefire.booter.ForkedBooter.runSuitesInProcess(ForkedBooter.java:242)</div><div> at org.apache.maven.surefire.booter.ForkedBooter.main(ForkedBooter.java:121)</div></div>
        </td>
</tr>
<tr>
    <td><span class="sortValue">CubeDescTest.testBadInit3</span><a href="CubeDescTest_testBadInit3_5a.html">CubeDescTest.testBadInit3</a></td>
    <td style="whitespace:nowrap;"><span class="sortValue">1513189180325</span>13 Dec 10:19:40</td>
    <td>      <span class="sortValue">3</span><span class="aui-lozenge aui-lozenge-error">FAIL</span>
  </td>
    <td><span class="sortValue">0.001</span>0.001</td>
    <td style="width:50%">
    <span class="sortValue">Aggregation&#160;group&#160;0&#160;'includes'&#160;dimensions&#160;not&#160;include&#160;all&#160;the&#160;dimensions:[TEST_CATEGORY_GROUPINGS.META_CATEG_NAME,&#160;TEST_KYLIN_FACT.LSTG_FORMAT_NAME,&#160;TEST_KYLIN_FACT.LSTG_SITE_ID,&#160;TEST_KYLIN_FACT.SELLER_ID,&#160;TEST_KYLIN_FACT.SLR_SEGMENT_CD]</span>
        <span class="expand" id="togglebut2" onclick="toggleNodeExpansion('togglebut2', 'msgc2', 'msge2');return false;">&#160;</span>
        <div class="errorMessage" id="msgc2">Aggregation&#160;group&#160;0&#160;'includes'&#160;dimensions&#160;not&#160;include&#160;all&#160;the&#160;dimensions:[TEST_CATEGORY_GROUPINGS.META_CATEG_NAME,&#160;TEST_KYLIN_FACT.LSTG_FORMAT_NAME,&#160;TEST_KYLIN_FACT.LSTG_SITE_ID,&#160;TEST_KYLIN_FACT.SELLER_ID,&#160;TEST_KYLIN_FACT.SLR_SEGMENT_CD]</div>
        <div class="errorMessage" id="msge2" style="display:none;"> <div>java.lang.IllegalStateException: Aggregation group 0 'includes' dimensions not include all the dimensions:[TEST_CATEGORY_GROUPINGS.META_CATEG_NAME, TEST_KYLIN_FACT.LSTG_FORMAT_NAME, TEST_KYLIN_FACT.LSTG_SITE_ID, TEST_KYLIN_FACT.SELLER_ID, TEST_KYLIN_FACT.SLR_SEGMENT_CD]</div><div>	at <a href="../../../../org/apache/kylin/cube/model/CubeDesc.html?line=717#src-717">org.apache.kylin.cube.model.CubeDesc.validateAggregationGroups(CubeDesc.java:717)</a></div><div>	at <a href="../../../../org/apache/kylin/cube/model/CubeDesc.html?line=601#src-601">org.apache.kylin.cube.model.CubeDesc.init(CubeDesc.java:601)</a></div><div>	at <a href="../../../../org/apache/kylin/cube/CubeDescTest.html?line=205#src-205">org.apache.kylin.cube.CubeDescTest.testBadInit3(CubeDescTest.java:205)</a></div><div> at org.junit.runners.model.FrameworkMethod$1.runReflectiveCall(FrameworkMethod.java:50)</div><div> at org.junit.internal.runners.model.ReflectiveCallable.run(ReflectiveCallable.java:12)</div><div> at org.junit.runners.model.FrameworkMethod.invokeExplosively(FrameworkMethod.java:47)</div><div> at org.junit.internal.runners.statements.InvokeMethod.evaluate(InvokeMethod.java:17)</div><div> at org.junit.internal.runners.statements.RunBefores.evaluate(RunBefores.java:26)</div><div> at org.junit.internal.runners.statements.RunAfters.evaluate(RunAfters.java:27)</div><div> at org.junit.rules.ExpectedException$ExpectedExceptionStatement.evaluate(ExpectedException.java:239)</div><div> at org.junit.rules.RunRules.evaluate(RunRules.java:20)</div><div> at org.junit.runners.ParentRunner.runLeaf(ParentRunner.java:325)</div><div> at org.junit.runners.BlockJUnit4ClassRunner.runChild(BlockJUnit4ClassRunner.java:78)</div><div> at org.junit.runners.BlockJUnit4ClassRunner.runChild(BlockJUnit4ClassRunner.java:57)</div><div> at org.junit.runners.ParentRunner$3.run(ParentRunner.java:290)</div><div> at org.junit.runners.ParentRunner$1.schedule(ParentRunner.java:71)</div><div> at org.junit.runners.ParentRunner.runChildren(ParentRunner.java:288)</div><div> at org.junit.runners.ParentRunner.access$000(ParentRunner.java:58)</div><div> at org.junit.runners.ParentRunner$2.evaluate(ParentRunner.java:268)</div><div> at org.junit.runners.ParentRunner.run(ParentRunner.java:363)</div><div> at org.apache.maven.surefire.junit4.JUnit4Provider.execute(JUnit4Provider.java:367)</div><div> at org.apache.maven.surefire.junit4.JUnit4Provider.executeWithRerun(JUnit4Provider.java:274)</div><div> at org.apache.maven.surefire.junit4.JUnit4Provider.executeTestSet(JUnit4Provider.java:238)</div><div> at org.apache.maven.surefire.junit4.JUnit4Provider.invoke(JUnit4Provider.java:161)</div><div> at org.apache.maven.surefire.booter.ForkedBooter.invokeProviderInSameClassLoader(ForkedBooter.java:290)</div><div> at org.apache.maven.surefire.booter.ForkedBooter.runSuitesInProcess(ForkedBooter.java:242)</div><div> at org.apache.maven.surefire.booter.ForkedBooter.main(ForkedBooter.java:121)</div></div>
        </td>
</tr>
<tr>
    <td><span class="sortValue">CubeDescTest.testTooManyRowkeys</span><a href="CubeDescTest_testTooManyRowkeys_6k.html">CubeDescTest.testTooManyRowkeys</a></td>
    <td style="whitespace:nowrap;"><span class="sortValue">1513189183769</span>13 Dec 10:19:43</td>
    <td>      <span class="sortValue">3</span><span class="aui-lozenge aui-lozenge-error">FAIL</span>
  </td>
    <td><span class="sortValue">0.544</span>0.544</td>
    <td style="width:50%">
    <span class="sortValue">Too&#160;many&#160;rowkeys&#160;(78)&#160;in&#160;CubeDesc,&#160;please&#160;try&#160;to&#160;reduce&#160;dimension&#160;number&#160;or&#160;adopt&#160;derived&#160;dimensions</span>
        <span class="expand" id="togglebut3" onclick="toggleNodeExpansion('togglebut3', 'msgc3', 'msge3');return false;">&#160;</span>
        <div class="errorMessage" id="msgc3">Too&#160;many&#160;rowkeys&#160;(78)&#160;in&#160;CubeDesc,&#160;please&#160;try&#160;to&#160;reduce&#160;dimension&#160;number&#160;or&#160;adopt&#160;derived&#160;dimensions</div>
        <div class="errorMessage" id="msge3" style="display:none;"> <div>java.lang.IllegalArgumentException: Too many rowkeys (78) in CubeDesc, please try to reduce dimension number or adopt derived dimensions</div><div> at com.google.common.base.Preconditions.checkArgument(Preconditions.java:119)</div><div>	at <a href="../../../../org/apache/kylin/cube/model/CubeDesc.html?line=582#src-582">org.apache.kylin.cube.model.CubeDesc.init(CubeDesc.java:582)</a></div><div>	at <a href="../../../../org/apache/kylin/cube/CubeDescTest.html?line=396#src-396">org.apache.kylin.cube.CubeDescTest.testTooManyRowkeys(CubeDescTest.java:396)</a></div><div> at org.junit.runners.model.FrameworkMethod$1.runReflectiveCall(FrameworkMethod.java:50)</div><div> at org.junit.internal.runners.model.ReflectiveCallable.run(ReflectiveCallable.java:12)</div><div> at org.junit.runners.model.FrameworkMethod.invokeExplosively(FrameworkMethod.java:47)</div><div> at org.junit.internal.runners.statements.InvokeMethod.evaluate(InvokeMethod.java:17)</div><div> at org.junit.internal.runners.statements.RunBefores.evaluate(RunBefores.java:26)</div><div> at org.junit.internal.runners.statements.RunAfters.evaluate(RunAfters.java:27)</div><div> at org.junit.rules.ExpectedException$ExpectedExceptionStatement.evaluate(ExpectedException.java:239)</div><div> at org.junit.rules.RunRules.evaluate(RunRules.java:20)</div><div> at org.junit.runners.ParentRunner.runLeaf(ParentRunner.java:325)</div><div> at org.junit.runners.BlockJUnit4ClassRunner.runChild(BlockJUnit4ClassRunner.java:78)</div><div> at org.junit.runners.BlockJUnit4ClassRunner.runChild(BlockJUnit4ClassRunner.java:57)</div><div> at org.junit.runners.ParentRunner$3.run(ParentRunner.java:290)</div><div> at org.junit.runners.ParentRunner$1.schedule(ParentRunner.java:71)</div><div> at org.junit.runners.ParentRunner.runChildren(ParentRunner.java:288)</div><div> at org.junit.runners.ParentRunner.access$000(ParentRunner.java:58)</div><div> at org.junit.runners.ParentRunner$2.evaluate(ParentRunner.java:268)</div><div> at org.junit.runners.ParentRunner.run(ParentRunner.java:363)</div><div> at org.apache.maven.surefire.junit4.JUnit4Provider.execute(JUnit4Provider.java:367)</div><div> at org.apache.maven.surefire.junit4.JUnit4Provider.executeWithRerun(JUnit4Provider.java:274)</div><div> at org.apache.maven.surefire.junit4.JUnit4Provider.executeTestSet(JUnit4Provider.java:238)</div><div> at org.apache.maven.surefire.junit4.JUnit4Provider.invoke(JUnit4Provider.java:161)</div><div> at org.apache.maven.surefire.booter.ForkedBooter.invokeProviderInSameClassLoader(ForkedBooter.java:290)</div><div> at org.apache.maven.surefire.booter.ForkedBooter.runSuitesInProcess(ForkedBooter.java:242)</div><div> at org.apache.maven.surefire.booter.ForkedBooter.main(ForkedBooter.java:121)</div></div>
        </td>
</tr>
<tr>
    <td><span class="sortValue">CubeDescTest.testBadInit9</span><a href="CubeDescTest_testBadInit9_5f.html">CubeDescTest.testBadInit9</a></td>
    <td style="whitespace:nowrap;"><span class="sortValue">1513189182916</span>13 Dec 10:19:42</td>
    <td>      <span class="sortValue">3</span><span class="aui-lozenge aui-lozenge-error">FAIL</span>
  </td>
    <td><span class="sortValue">0.002</span>0.002</td>
    <td style="width:50%">
    <span class="sortValue">Aggregation&#160;group&#160;0&#160;hierarchy&#160;dimensions&#160;overlap&#160;with&#160;joint&#160;dimensions:&#160;[TEST_CATEGORY_GROUPINGS.META_CATEG_NAME,&#160;TEST_KYLIN_FACT.LSTG_FORMAT_NAME]</span>
        <span class="expand" id="togglebut4" onclick="toggleNodeExpansion('togglebut4', 'msgc4', 'msge4');return false;">&#160;</span>
        <div class="errorMessage" id="msgc4">Aggregation&#160;group&#160;0&#160;hierarchy&#160;dimensions&#160;overlap&#160;with&#160;joint&#160;dimensions:&#160;[TEST_CATEGORY_GROUPINGS.META_CATEG_NAME,&#160;TEST_KYLIN_FACT.LSTG_FORMAT_NAME]</div>
        <div class="errorMessage" id="msge4" style="display:none;"> <div>java.lang.IllegalStateException: Aggregation group 0 hierarchy dimensions overlap with joint dimensions: [TEST_CATEGORY_GROUPINGS.META_CATEG_NAME, TEST_KYLIN_FACT.LSTG_FORMAT_NAME]</div><div>	at <a href="../../../../org/apache/kylin/cube/model/CubeDesc.html?line=733#src-733">org.apache.kylin.cube.model.CubeDesc.validateAggregationGroups(CubeDesc.java:733)</a></div><div>	at <a href="../../../../org/apache/kylin/cube/model/CubeDesc.html?line=601#src-601">org.apache.kylin.cube.model.CubeDesc.init(CubeDesc.java:601)</a></div><div>	at <a href="../../../../org/apache/kylin/cube/CubeDescTest.html?line=281#src-281">org.apache.kylin.cube.CubeDescTest.testBadInit9(CubeDescTest.java:281)</a></div><div> at org.junit.runners.model.FrameworkMethod$1.runReflectiveCall(FrameworkMethod.java:50)</div><div> at org.junit.internal.runners.model.ReflectiveCallable.run(ReflectiveCallable.java:12)</div><div> at org.junit.runners.model.FrameworkMethod.invokeExplosively(FrameworkMethod.java:47)</div><div> at org.junit.internal.runners.statements.InvokeMethod.evaluate(InvokeMethod.java:17)</div><div> at org.junit.internal.runners.statements.RunBefores.evaluate(RunBefores.java:26)</div><div> at org.junit.internal.runners.statements.RunAfters.evaluate(RunAfters.java:27)</div><div> at org.junit.rules.ExpectedException$ExpectedExceptionStatement.evaluate(ExpectedException.java:239)</div><div> at org.junit.rules.RunRules.evaluate(RunRules.java:20)</div><div> at org.junit.runners.ParentRunner.runLeaf(ParentRunner.java:325)</div><div> at org.junit.runners.BlockJUnit4ClassRunner.runChild(BlockJUnit4ClassRunner.java:78)</div><div> at org.junit.runners.BlockJUnit4ClassRunner.runChild(BlockJUnit4ClassRunner.java:57)</div><div> at org.junit.runners.ParentRunner$3.run(ParentRunner.java:290)</div><div> at org.junit.runners.ParentRunner$1.schedule(ParentRunner.java:71)</div><div> at org.junit.runners.ParentRunner.runChildren(ParentRunner.java:288)</div><div> at org.junit.runners.ParentRunner.access$000(ParentRunner.java:58)</div><div> at org.junit.runners.ParentRunner$2.evaluate(ParentRunner.java:268)</div><div> at org.junit.runners.ParentRunner.run(ParentRunner.java:363)</div><div> at org.apache.maven.surefire.junit4.JUnit4Provider.execute(JUnit4Provider.java:367)</div><div> at org.apache.maven.surefire.junit4.JUnit4Provider.executeWithRerun(JUnit4Provider.java:274)</div><div> at org.apache.maven.surefire.junit4.JUnit4Provider.executeTestSet(JUnit4Provider.java:238)</div><div> at org.apache.maven.surefire.junit4.JUnit4Provider.invoke(JUnit4Provider.java:161)</div><div> at org.apache.maven.surefire.booter.ForkedBooter.invokeProviderInSameClassLoader(ForkedBooter.java:290)</div><div> at org.apache.maven.surefire.booter.ForkedBooter.runSuitesInProcess(ForkedBooter.java:242)</div><div> at org.apache.maven.surefire.booter.ForkedBooter.main(ForkedBooter.java:121)</div></div>
        </td>
</tr>
<tr>
    <td><span class="sortValue">CubeDescTest.testBadInit12</span><a href="CubeDescTest_testBadInit12_67.html">CubeDescTest.testBadInit12</a></td>
    <td style="whitespace:nowrap;"><span class="sortValue">1513189189086</span>13 Dec 10:19:49</td>
    <td>      <span class="sortValue">3</span><span class="aui-lozenge aui-lozenge-error">FAIL</span>
  </td>
    <td><span class="sortValue">0.001</span>0.001</td>
    <td style="width:50%">
    <span class="sortValue">Aggregation&#160;group&#160;0&#160;a&#160;dimension&#160;exist&#160;in&#160;more&#160;than&#160;one&#160;hierarchy:&#160;[TEST_CATEGORY_GROUPINGS.CATEG_LVL2_NAME,&#160;TEST_CATEGORY_GROUPINGS.META_CATEG_NAME]</span>
        <span class="expand" id="togglebut5" onclick="toggleNodeExpansion('togglebut5', 'msgc5', 'msge5');return false;">&#160;</span>
        <div class="errorMessage" id="msgc5">Aggregation&#160;group&#160;0&#160;a&#160;dimension&#160;exist&#160;in&#160;more&#160;than&#160;one&#160;hierarchy:&#160;[TEST_CATEGORY_GROUPINGS.CATEG_LVL2_NAME,&#160;TEST_CATEGORY_GROUPINGS.META_CATEG_NAME]</div>
        <div class="errorMessage" id="msge5" style="display:none;"> <div>java.lang.IllegalStateException: Aggregation group 0 a dimension exist in more than one hierarchy: [TEST_CATEGORY_GROUPINGS.CATEG_LVL2_NAME, TEST_CATEGORY_GROUPINGS.META_CATEG_NAME]</div><div>	at <a href="../../../../org/apache/kylin/cube/model/CubeDesc.html?line=752#src-752">org.apache.kylin.cube.model.CubeDesc.validateAggregationGroups(CubeDesc.java:752)</a></div><div>	at <a href="../../../../org/apache/kylin/cube/model/CubeDesc.html?line=601#src-601">org.apache.kylin.cube.model.CubeDesc.init(CubeDesc.java:601)</a></div><div>	at <a href="../../../../org/apache/kylin/cube/CubeDescTest.html?line=321#src-321">org.apache.kylin.cube.CubeDescTest.testBadInit12(CubeDescTest.java:321)</a></div><div> at org.junit.runners.model.FrameworkMethod$1.runReflectiveCall(FrameworkMethod.java:50)</div><div> at org.junit.internal.runners.model.ReflectiveCallable.run(ReflectiveCallable.java:12)</div><div> at org.junit.runners.model.FrameworkMethod.invokeExplosively(FrameworkMethod.java:47)</div><div> at org.junit.internal.runners.statements.InvokeMethod.evaluate(InvokeMethod.java:17)</div><div> at org.junit.internal.runners.statements.RunBefores.evaluate(RunBefores.java:26)</div><div> at org.junit.internal.runners.statements.RunAfters.evaluate(RunAfters.java:27)</div><div> at org.junit.rules.ExpectedException$ExpectedExceptionStatement.evaluate(ExpectedException.java:239)</div><div> at org.junit.rules.RunRules.evaluate(RunRules.java:20)</div><div> at org.junit.runners.ParentRunner.runLeaf(ParentRunner.java:325)</div><div> at org.junit.runners.BlockJUnit4ClassRunner.runChild(BlockJUnit4ClassRunner.java:78)</div><div> at org.junit.runners.BlockJUnit4ClassRunner.runChild(BlockJUnit4ClassRunner.java:57)</div><div> at org.junit.runners.ParentRunner$3.run(ParentRunner.java:290)</div><div> at org.junit.runners.ParentRunner$1.schedule(ParentRunner.java:71)</div><div> at org.junit.runners.ParentRunner.runChildren(ParentRunner.java:288)</div><div> at org.junit.runners.ParentRunner.access$000(ParentRunner.java:58)</div><div> at org.junit.runners.ParentRunner$2.evaluate(ParentRunner.java:268)</div><div> at org.junit.runners.ParentRunner.run(ParentRunner.java:363)</div><div> at org.apache.maven.surefire.junit4.JUnit4Provider.execute(JUnit4Provider.java:367)</div><div> at org.apache.maven.surefire.junit4.JUnit4Provider.executeWithRerun(JUnit4Provider.java:274)</div><div> at org.apache.maven.surefire.junit4.JUnit4Provider.executeTestSet(JUnit4Provider.java:238)</div><div> at org.apache.maven.surefire.junit4.JUnit4Provider.invoke(JUnit4Provider.java:161)</div><div> at org.apache.maven.surefire.booter.ForkedBooter.invokeProviderInSameClassLoader(ForkedBooter.java:290)</div><div> at org.apache.maven.surefire.booter.ForkedBooter.runSuitesInProcess(ForkedBooter.java:242)</div><div> at org.apache.maven.surefire.booter.ForkedBooter.main(ForkedBooter.java:121)</div></div>
        </td>
</tr>
<tr>
    <td><span class="sortValue">CubeDescTest.testBadInit10</span><a href="CubeDescTest_testBadInit10_6h.html">CubeDescTest.testBadInit10</a></td>
    <td style="whitespace:nowrap;"><span class="sortValue">1513189188286</span>13 Dec 10:19:48</td>
    <td>      <span class="sortValue">3</span><span class="aui-lozenge aui-lozenge-error">FAIL</span>
  </td>
    <td><span class="sortValue">0.001</span>0.001</td>
    <td style="width:50%">
    <span class="sortValue">Aggregation&#160;group&#160;0&#160;a&#160;dimension&#160;exist&#160;in&#160;more&#160;than&#160;one&#160;joint:&#160;[TEST_KYLIN_FACT.LSTG_FORMAT_NAME,&#160;TEST_KYLIN_FACT.LSTG_SITE_ID]</span>
        <span class="expand" id="togglebut6" onclick="toggleNodeExpansion('togglebut6', 'msgc6', 'msge6');return false;">&#160;</span>
        <div class="errorMessage" id="msgc6">Aggregation&#160;group&#160;0&#160;a&#160;dimension&#160;exist&#160;in&#160;more&#160;than&#160;one&#160;joint:&#160;[TEST_KYLIN_FACT.LSTG_FORMAT_NAME,&#160;TEST_KYLIN_FACT.LSTG_SITE_ID]</div>
        <div class="errorMessage" id="msge6" style="display:none;"> <div>java.lang.IllegalStateException: Aggregation group 0 a dimension exist in more than one joint: [TEST_KYLIN_FACT.LSTG_FORMAT_NAME, TEST_KYLIN_FACT.LSTG_SITE_ID]</div><div>	at <a href="../../../../org/apache/kylin/cube/model/CubeDesc.html?line=760#src-760">org.apache.kylin.cube.model.CubeDesc.validateAggregationGroups(CubeDesc.java:760)</a></div><div>	at <a href="../../../../org/apache/kylin/cube/model/CubeDesc.html?line=601#src-601">org.apache.kylin.cube.model.CubeDesc.init(CubeDesc.java:601)</a></div><div>	at <a href="../../../../org/apache/kylin/cube/CubeDescTest.html?line=295#src-295">org.apache.kylin.cube.CubeDescTest.testBadInit10(CubeDescTest.java:295)</a></div><div> at org.junit.runners.model.FrameworkMethod$1.runReflectiveCall(FrameworkMethod.java:50)</div><div> at org.junit.internal.runners.model.ReflectiveCallable.run(ReflectiveCallable.java:12)</div><div> at org.junit.runners.model.FrameworkMethod.invokeExplosively(FrameworkMethod.java:47)</div><div> at org.junit.internal.runners.statements.InvokeMethod.evaluate(InvokeMethod.java:17)</div><div> at org.junit.internal.runners.statements.RunBefores.evaluate(RunBefores.java:26)</div><div> at org.junit.internal.runners.statements.RunAfters.evaluate(RunAfters.java:27)</div><div> at org.junit.rules.ExpectedException$ExpectedExceptionStatement.evaluate(ExpectedException.java:239)</div><div> at org.junit.rules.RunRules.evaluate(RunRules.java:20)</div><div> at org.junit.runners.ParentRunner.runLeaf(ParentRunner.java:325)</div><div> at org.junit.runners.BlockJUnit4ClassRunner.runChild(BlockJUnit4ClassRunner.java:78)</div><div> at org.junit.runners.BlockJUnit4ClassRunner.runChild(BlockJUnit4ClassRunner.java:57)</div><div> at org.junit.runners.ParentRunner$3.run(ParentRunner.java:290)</div><div> at org.junit.runners.ParentRunner$1.schedule(ParentRunner.java:71)</div><div> at org.junit.runners.ParentRunner.runChildren(ParentRunner.java:288)</div><div> at org.junit.runners.ParentRunner.access$000(ParentRunner.java:58)</div><div> at org.junit.runners.ParentRunner$2.evaluate(ParentRunner.java:268)</div><div> at org.junit.runners.ParentRunner.run(ParentRunner.java:363)</div><div> at org.apache.maven.surefire.junit4.JUnit4Provider.execute(JUnit4Provider.java:367)</div><div> at org.apache.maven.surefire.junit4.JUnit4Provider.executeWithRerun(JUnit4Provider.java:274)</div><div> at org.apache.maven.surefire.junit4.JUnit4Provider.executeTestSet(JUnit4Provider.java:238)</div><div> at org.apache.maven.surefire.junit4.JUnit4Provider.invoke(JUnit4Provider.java:161)</div><div> at org.apache.maven.surefire.booter.ForkedBooter.invokeProviderInSameClassLoader(ForkedBooter.java:290)</div><div> at org.apache.maven.surefire.booter.ForkedBooter.runSuitesInProcess(ForkedBooter.java:242)</div><div> at org.apache.maven.surefire.booter.ForkedBooter.main(ForkedBooter.java:121)</div></div>
        </td>
</tr>
<tr>
    <td><span class="sortValue">CubeDescTest.testBadInit4</span><a href="CubeDescTest_testBadInit4_57.html">CubeDescTest.testBadInit4</a></td>
    <td style="whitespace:nowrap;"><span class="sortValue">1513189180752</span>13 Dec 10:19:40</td>
    <td>      <span class="sortValue">3</span><span class="aui-lozenge aui-lozenge-error">FAIL</span>
  </td>
    <td><span class="sortValue">0.001</span>0.001</td>
    <td style="width:50%">
    <span class="sortValue">Aggregation&#160;group&#160;0&#160;of&#160;Cube&#160;Desc&#160;test_kylin_cube_with_slr_desc&#160;has&#160;too&#160;many&#160;combinations:&#160;31.&#160;Use&#160;'mandatory'/'hierarchy'/'joint'&#160;to&#160;optimize;&#160;or&#160;update&#160;'kylin.cube.aggrgroup.max-combination'&#160;to&#160;a&#160;bigger&#160;value.</span>
        <span class="expand" id="togglebut7" onclick="toggleNodeExpansion('togglebut7', 'msgc7', 'msge7');return false;">&#160;</span>
        <div class="errorMessage" id="msgc7">Aggregation&#160;group&#160;0&#160;of&#160;Cube&#160;Desc&#160;test_kylin_cube_with_slr_desc&#160;has&#160;too&#160;many&#160;combinations:&#160;31.&#160;Use&#160;'mandatory'/'hierarchy'/'joint'&#160;to&#160;optimize;&#160;or&#160;update&#160;'kylin.cube.aggrgroup.max-combination'&#160;to&#160;a&#160;bigger&#160;value.</div>
        <div class="errorMessage" id="msge7" style="display:none;"> <div>org.apache.kylin.cube.model.TooManyCuboidException: Aggregation group 0 of Cube Desc test_kylin_cube_with_slr_desc has too many combinations: 31. Use 'mandatory'/'hierarchy'/'joint' to optimize; or update 'kylin.cube.aggrgroup.max-combination' to a bigger value.</div><div>	at <a href="../../../../org/apache/kylin/cube/model/CubeDesc.html?line=661#src-661">org.apache.kylin.cube.model.CubeDesc.validateAggregationGroupsCombination(CubeDesc.java:661)</a></div><div>	at <a href="../../../../org/apache/kylin/cube/CubeDescTest.html?line=218#src-218">org.apache.kylin.cube.CubeDescTest.testBadInit4(CubeDescTest.java:218)</a></div><div> at org.junit.runners.model.FrameworkMethod$1.runReflectiveCall(FrameworkMethod.java:50)</div><div> at org.junit.internal.runners.model.ReflectiveCallable.run(ReflectiveCallable.java:12)</div><div> at org.junit.runners.model.FrameworkMethod.invokeExplosively(FrameworkMethod.java:47)</div><div> at org.junit.internal.runners.statements.InvokeMethod.evaluate(InvokeMethod.java:17)</div><div> at org.junit.internal.runners.statements.RunBefores.evaluate(RunBefores.java:26)</div><div> at org.junit.internal.runners.statements.RunAfters.evaluate(RunAfters.java:27)</div><div> at org.junit.rules.ExpectedException$ExpectedExceptionStatement.evaluate(ExpectedException.java:239)</div><div> at org.junit.rules.RunRules.evaluate(RunRules.java:20)</div><div> at org.junit.runners.ParentRunner.runLeaf(ParentRunner.java:325)</div><div> at org.junit.runners.BlockJUnit4ClassRunner.runChild(BlockJUnit4ClassRunner.java:78)</div><div> at org.junit.runners.BlockJUnit4ClassRunner.runChild(BlockJUnit4ClassRunner.java:57)</div><div> at org.junit.runners.ParentRunner$3.run(ParentRunner.java:290)</div><div> at org.junit.runners.ParentRunner$1.schedule(ParentRunner.java:71)</div><div> at org.junit.runners.ParentRunner.runChildren(ParentRunner.java:288)</div><div> at org.junit.runners.ParentRunner.access$000(ParentRunner.java:58)</div><div> at org.junit.runners.ParentRunner$2.evaluate(ParentRunner.java:268)</div><div> at org.junit.runners.ParentRunner.run(ParentRunner.java:363)</div><div> at org.apache.maven.surefire.junit4.JUnit4Provider.execute(JUnit4Provider.java:367)</div><div> at org.apache.maven.surefire.junit4.JUnit4Provider.executeWithRerun(JUnit4Provider.java:274)</div><div> at org.apache.maven.surefire.junit4.JUnit4Provider.executeTestSet(JUnit4Provider.java:238)</div><div> at org.apache.maven.surefire.junit4.JUnit4Provider.invoke(JUnit4Provider.java:161)</div><div> at org.apache.maven.surefire.booter.ForkedBooter.invokeProviderInSameClassLoader(ForkedBooter.java:290)</div><div> at org.apache.maven.surefire.booter.ForkedBooter.runSuitesInProcess(ForkedBooter.java:242)</div><div> at org.apache.maven.surefire.booter.ForkedBooter.main(ForkedBooter.java:121)</div></div>
        </td>
</tr>
<tr>
    <td><span class="sortValue">CubeDescTest.testBadInit11</span><a href="CubeDescTest_testBadInit11_5y.html">CubeDescTest.testBadInit11</a></td>
    <td style="whitespace:nowrap;"><span class="sortValue">1513189188706</span>13 Dec 10:19:48</td>
    <td>      <span class="sortValue">3</span><span class="aui-lozenge aui-lozenge-error">FAIL</span>
  </td>
    <td><span class="sortValue">0.001</span>0.001</td>
    <td style="width:50%">
    <span class="sortValue">Aggregation&#160;group&#160;0&#160;require&#160;at&#160;least&#160;2&#160;dimensions&#160;in&#160;a&#160;hierarchy.</span>
        <span class="expand" id="togglebut8" onclick="toggleNodeExpansion('togglebut8', 'msgc8', 'msge8');return false;">&#160;</span>
        <div class="errorMessage" id="msgc8">Aggregation&#160;group&#160;0&#160;require&#160;at&#160;least&#160;2&#160;dimensions&#160;in&#160;a&#160;hierarchy.</div>
        <div class="errorMessage" id="msge8" style="display:none;"> <div>java.lang.IllegalStateException: Aggregation group 0 require at least 2 dimensions in a hierarchy.</div><div>	at <a href="../../../../org/apache/kylin/cube/model/CubeDesc.html?line=738#src-738">org.apache.kylin.cube.model.CubeDesc.validateAggregationGroups(CubeDesc.java:738)</a></div><div>	at <a href="../../../../org/apache/kylin/cube/model/CubeDesc.html?line=601#src-601">org.apache.kylin.cube.model.CubeDesc.init(CubeDesc.java:601)</a></div><div>	at <a href="../../../../org/apache/kylin/cube/CubeDescTest.html?line=307#src-307">org.apache.kylin.cube.CubeDescTest.testBadInit11(CubeDescTest.java:307)</a></div><div> at org.junit.runners.model.FrameworkMethod$1.runReflectiveCall(FrameworkMethod.java:50)</div><div> at org.junit.internal.runners.model.ReflectiveCallable.run(ReflectiveCallable.java:12)</div><div> at org.junit.runners.model.FrameworkMethod.invokeExplosively(FrameworkMethod.java:47)</div><div> at org.junit.internal.runners.statements.InvokeMethod.evaluate(InvokeMethod.java:17)</div><div> at org.junit.internal.runners.statements.RunBefores.evaluate(RunBefores.java:26)</div><div> at org.junit.internal.runners.statements.RunAfters.evaluate(RunAfters.java:27)</div><div> at org.junit.rules.ExpectedException$ExpectedExceptionStatement.evaluate(ExpectedException.java:239)</div><div> at org.junit.rules.RunRules.evaluate(RunRules.java:20)</div><div> at org.junit.runners.ParentRunner.runLeaf(ParentRunner.java:325)</div><div> at org.junit.runners.BlockJUnit4ClassRunner.runChild(BlockJUnit4ClassRunner.java:78)</div><div> at org.junit.runners.BlockJUnit4ClassRunner.runChild(BlockJUnit4ClassRunner.java:57)</div><div> at org.junit.runners.ParentRunner$3.run(ParentRunner.java:290)</div><div> at org.junit.runners.ParentRunner$1.schedule(ParentRunner.java:71)</div><div> at org.junit.runners.ParentRunner.runChildren(ParentRunner.java:288)</div><div> at org.junit.runners.ParentRunner.access$000(ParentRunner.java:58)</div><div> at org.junit.runners.ParentRunner$2.evaluate(ParentRunner.java:268)</div><div> at org.junit.runners.ParentRunner.run(ParentRunner.java:363)</div><div> at org.apache.maven.surefire.junit4.JUnit4Provider.execute(JUnit4Provider.java:367)</div><div> at org.apache.maven.surefire.junit4.JUnit4Provider.executeWithRerun(JUnit4Provider.java:274)</div><div> at org.apache.maven.surefire.junit4.JUnit4Provider.executeTestSet(JUnit4Provider.java:238)</div><div> at org.apache.maven.surefire.junit4.JUnit4Provider.invoke(JUnit4Provider.java:161)</div><div> at org.apache.maven.surefire.booter.ForkedBooter.invokeProviderInSameClassLoader(ForkedBooter.java:290)</div><div> at org.apache.maven.surefire.booter.ForkedBooter.runSuitesInProcess(ForkedBooter.java:242)</div><div> at org.apache.maven.surefire.booter.ForkedBooter.main(ForkedBooter.java:121)</div></div>
        </td>
</tr>
<tr>
    <td><span class="sortValue">CubeDescTest.testBadInit7</span><a href="CubeDescTest_testBadInit7_5h.html">CubeDescTest.testBadInit7</a></td>
    <td style="whitespace:nowrap;"><span class="sortValue">1513189182102</span>13 Dec 10:19:42</td>
    <td>      <span class="sortValue">3</span><span class="aui-lozenge aui-lozenge-error">FAIL</span>
  </td>
    <td><span class="sortValue">0.001</span>0.001</td>
    <td style="width:50%">
    <span class="sortValue">Aggregation&#160;group&#160;0&#160;require&#160;at&#160;least&#160;2&#160;dimensions&#160;in&#160;a&#160;joint</span>
        <span class="expand" id="togglebut9" onclick="toggleNodeExpansion('togglebut9', 'msgc9', 'msge9');return false;">&#160;</span>
        <div class="errorMessage" id="msgc9">Aggregation&#160;group&#160;0&#160;require&#160;at&#160;least&#160;2&#160;dimensions&#160;in&#160;a&#160;joint</div>
        <div class="errorMessage" id="msge9" style="display:none;"> <div>java.lang.IllegalStateException: Aggregation group 0 require at least 2 dimensions in a joint</div><div>	at <a href="../../../../org/apache/kylin/cube/model/CubeDesc.html?line=743#src-743">org.apache.kylin.cube.model.CubeDesc.validateAggregationGroups(CubeDesc.java:743)</a></div><div>	at <a href="../../../../org/apache/kylin/cube/model/CubeDesc.html?line=601#src-601">org.apache.kylin.cube.model.CubeDesc.init(CubeDesc.java:601)</a></div><div>	at <a href="../../../../org/apache/kylin/cube/CubeDescTest.html?line=251#src-251">org.apache.kylin.cube.CubeDescTest.testBadInit7(CubeDescTest.java:251)</a></div><div> at org.junit.runners.model.FrameworkMethod$1.runReflectiveCall(FrameworkMethod.java:50)</div><div> at org.junit.internal.runners.model.ReflectiveCallable.run(ReflectiveCallable.java:12)</div><div> at org.junit.runners.model.FrameworkMethod.invokeExplosively(FrameworkMethod.java:47)</div><div> at org.junit.internal.runners.statements.InvokeMethod.evaluate(InvokeMethod.java:17)</div><div> at org.junit.internal.runners.statements.RunBefores.evaluate(RunBefores.java:26)</div><div> at org.junit.internal.runners.statements.RunAfters.evaluate(RunAfters.java:27)</div><div> at org.junit.rules.ExpectedException$ExpectedExceptionStatement.evaluate(ExpectedException.java:239)</div><div> at org.junit.rules.RunRules.evaluate(RunRules.java:20)</div><div> at org.junit.runners.ParentRunner.runLeaf(ParentRunner.java:325)</div><div> at org.junit.runners.BlockJUnit4ClassRunner.runChild(BlockJUnit4ClassRunner.java:78)</div><div> at org.junit.runners.BlockJUnit4ClassRunner.runChild(BlockJUnit4ClassRunner.java:57)</div><div> at org.junit.runners.ParentRunner$3.run(ParentRunner.java:290)</div><div> at org.junit.runners.ParentRunner$1.schedule(ParentRunner.java:71)</div><div> at org.junit.runners.ParentRunner.runChildren(ParentRunner.java:288)</div><div> at org.junit.runners.ParentRunner.access$000(ParentRunner.java:58)</div><div> at org.junit.runners.ParentRunner$2.evaluate(ParentRunner.java:268)</div><div> at org.junit.runners.ParentRunner.run(ParentRunner.java:363)</div><div> at org.apache.maven.surefire.junit4.JUnit4Provider.execute(JUnit4Provider.java:367)</div><div> at org.apache.maven.surefire.junit4.JUnit4Provider.executeWithRerun(JUnit4Provider.java:274)</div><div> at org.apache.maven.surefire.junit4.JUnit4Provider.executeTestSet(JUnit4Provider.java:238)</div><div> at org.apache.maven.surefire.junit4.JUnit4Provider.invoke(JUnit4Provider.java:161)</div><div> at org.apache.maven.surefire.booter.ForkedBooter.invokeProviderInSameClassLoader(ForkedBooter.java:290)</div><div> at org.apache.maven.surefire.booter.ForkedBooter.runSuitesInProcess(ForkedBooter.java:242)</div><div> at org.apache.maven.surefire.booter.ForkedBooter.main(ForkedBooter.java:121)</div></div>
        </td>
</tr>
<tr>
    <td><span class="sortValue">CubeDescTest.testBadInit14</span><a href="CubeDescTest_testBadInit14_5e.html">CubeDescTest.testBadInit14</a></td>
    <td style="whitespace:nowrap;"><span class="sortValue">1513189189841</span>13 Dec 10:19:49</td>
    <td>      <span class="sortValue">3</span><span class="aui-lozenge aui-lozenge-error">FAIL</span>
  </td>
    <td><span class="sortValue">0.0</span>0</td>
    <td style="width:50%">
    <span class="sortValue">measure&#160;(MeasureDesc&#160;[name=TRANS_CNT,&#160;function=FunctionDesc&#160;[expression=COUNT,&#160;parameter=1,&#160;returnType=bigint]])&#160;does&#160;not&#160;exist&#160;in&#160;column&#160;family,&#160;or&#160;measure&#160;duplicates</span>
        <span class="expand" id="togglebut10" onclick="toggleNodeExpansion('togglebut10', 'msgc10', 'msge10');return false;">&#160;</span>
        <div class="errorMessage" id="msgc10">measure&#160;(MeasureDesc&#160;[name=TRANS_CNT,&#160;function=FunctionDesc&#160;[expression=COUNT,&#160;parameter=1,&#160;returnType=bigint]])&#160;does&#160;not&#160;exist&#160;in&#160;column&#160;family,&#160;or&#160;measure&#160;duplicates</div>
        <div class="errorMessage" id="msge10" style="display:none;"> <div>java.lang.IllegalStateException: measure (MeasureDesc [name=TRANS_CNT, function=FunctionDesc [expression=COUNT, parameter=1, returnType=bigint]]) does not exist in column family, or measure duplicates</div><div> at com.google.common.base.Preconditions.checkState(Preconditions.java:176)</div><div>	at <a href="../../../../org/apache/kylin/cube/model/CubeDesc.html?line=1043#src-1043">org.apache.kylin.cube.model.CubeDesc.initMeasureReferenceToColumnFamily(CubeDesc.java:1043)</a></div><div>	at <a href="../../../../org/apache/kylin/cube/CubeDescTest.html?line=351#src-351">org.apache.kylin.cube.CubeDescTest.testBadInit14(CubeDescTest.java:351)</a></div><div> at org.junit.runners.model.FrameworkMethod$1.runReflectiveCall(FrameworkMethod.java:50)</div><div> at org.junit.internal.runners.model.ReflectiveCallable.run(ReflectiveCallable.java:12)</div><div> at org.junit.runners.model.FrameworkMethod.invokeExplosively(FrameworkMethod.java:47)</div><div> at org.junit.internal.runners.statements.InvokeMethod.evaluate(InvokeMethod.java:17)</div><div> at org.junit.internal.runners.statements.RunBefores.evaluate(RunBefores.java:26)</div><div> at org.junit.internal.runners.statements.RunAfters.evaluate(RunAfters.java:27)</div><div> at org.junit.rules.ExpectedException$ExpectedExceptionStatement.evaluate(ExpectedException.java:239)</div><div> at org.junit.rules.RunRules.evaluate(RunRules.java:20)</div><div> at org.junit.runners.ParentRunner.runLeaf(ParentRunner.java:325)</div><div> at org.junit.runners.BlockJUnit4ClassRunner.runChild(BlockJUnit4ClassRunner.java:78)</div><div> at org.junit.runners.BlockJUnit4ClassRunner.runChild(BlockJUnit4ClassRunner.java:57)</div><div> at org.junit.runners.ParentRunner$3.run(ParentRunner.java:290)</div><div> at org.junit.runners.ParentRunner$1.schedule(ParentRunner.java:71)</div><div> at org.junit.runners.ParentRunner.runChildren(ParentRunner.java:288)</div><div> at org.junit.runners.ParentRunner.access$000(ParentRunner.java:58)</div><div> at org.junit.runners.ParentRunner$2.evaluate(ParentRunner.java:268)</div><div> at org.junit.runners.ParentRunner.run(ParentRunner.java:363)</div><div> at org.apache.maven.surefire.junit4.JUnit4Provider.execute(JUnit4Provider.java:367)</div><div> at org.apache.maven.surefire.junit4.JUnit4Provider.executeWithRerun(JUnit4Provider.java:274)</div><div> at org.apache.maven.surefire.junit4.JUnit4Provider.executeTestSet(JUnit4Provider.java:238)</div><div> at org.apache.maven.surefire.junit4.JUnit4Provider.invoke(JUnit4Provider.java:161)</div><div> at org.apache.maven.surefire.booter.ForkedBooter.invokeProviderInSameClassLoader(ForkedBooter.java:290)</div><div> at org.apache.maven.surefire.booter.ForkedBooter.runSuitesInProcess(ForkedBooter.java:242)</div><div> at org.apache.maven.surefire.booter.ForkedBooter.main(ForkedBooter.java:121)</div></div>
        </td>
</tr>
<tr>
    <td><span class="sortValue">CubeDescTest.testBadInit2</span><a href="CubeDescTest_testBadInit2_5s.html">CubeDescTest.testBadInit2</a></td>
    <td style="whitespace:nowrap;"><span class="sortValue">1513189179912</span>13 Dec 10:19:39</td>
    <td>      <span class="sortValue">3</span><span class="aui-lozenge aui-lozenge-error">FAIL</span>
  </td>
    <td><span class="sortValue">0.001</span>0.001</td>
    <td style="width:50%">
    <span class="sortValue">AggregationGroup&#160;incomplete</span>
        <span class="expand" id="togglebut11" onclick="toggleNodeExpansion('togglebut11', 'msgc11', 'msge11');return false;">&#160;</span>
        <div class="errorMessage" id="msgc11">AggregationGroup&#160;incomplete</div>
        <div class="errorMessage" id="msge11" style="display:none;"> <div>java.lang.IllegalStateException: AggregationGroup incomplete</div><div>	at <a href="../../../../org/apache/kylin/cube/model/AggregationGroup.html?line=78#src-78">org.apache.kylin.cube.model.AggregationGroup.init(AggregationGroup.java:78)</a></div><div>	at <a href="../../../../org/apache/kylin/cube/model/CubeDesc.html?line=599#src-599">org.apache.kylin.cube.model.CubeDesc.init(CubeDesc.java:599)</a></div><div>	at <a href="../../../../org/apache/kylin/cube/CubeDescTest.html?line=193#src-193">org.apache.kylin.cube.CubeDescTest.testBadInit2(CubeDescTest.java:193)</a></div><div> at org.junit.runners.model.FrameworkMethod$1.runReflectiveCall(FrameworkMethod.java:50)</div><div> at org.junit.internal.runners.model.ReflectiveCallable.run(ReflectiveCallable.java:12)</div><div> at org.junit.runners.model.FrameworkMethod.invokeExplosively(FrameworkMethod.java:47)</div><div> at org.junit.internal.runners.statements.InvokeMethod.evaluate(InvokeMethod.java:17)</div><div> at org.junit.internal.runners.statements.RunBefores.evaluate(RunBefores.java:26)</div><div> at org.junit.internal.runners.statements.RunAfters.evaluate(RunAfters.java:27)</div><div> at org.junit.rules.ExpectedException$ExpectedExceptionStatement.evaluate(ExpectedException.java:239)</div><div> at org.junit.rules.RunRules.evaluate(RunRules.java:20)</div><div> at org.junit.runners.ParentRunner.runLeaf(ParentRunner.java:325)</div><div> at org.junit.runners.BlockJUnit4ClassRunner.runChild(BlockJUnit4ClassRunner.java:78)</div><div> at org.junit.runners.BlockJUnit4ClassRunner.runChild(BlockJUnit4ClassRunner.java:57)</div><div> at org.junit.runners.ParentRunner$3.run(ParentRunner.java:290)</div><div> at org.junit.runners.ParentRunner$1.schedule(ParentRunner.java:71)</div><div> at org.junit.runners.ParentRunner.runChildren(ParentRunner.java:288)</div><div> at org.junit.runners.ParentRunner.access$000(ParentRunner.java:58)</div><div> at org.junit.runners.ParentRunner$2.evaluate(ParentRunner.java:268)</div><div> at org.junit.runners.ParentRunner.run(ParentRunner.java:363)</div><div> at org.apache.maven.surefire.junit4.JUnit4Provider.execute(JUnit4Provider.java:367)</div><div> at org.apache.maven.surefire.junit4.JUnit4Provider.executeWithRerun(JUnit4Provider.java:274)</div><div> at org.apache.maven.surefire.junit4.JUnit4Provider.executeTestSet(JUnit4Provider.java:238)</div><div> at org.apache.maven.surefire.junit4.JUnit4Provider.invoke(JUnit4Provider.java:161)</div><div> at org.apache.maven.surefire.booter.ForkedBooter.invokeProviderInSameClassLoader(ForkedBooter.java:290)</div><div> at org.apache.maven.surefire.booter.ForkedBooter.runSuitesInProcess(ForkedBooter.java:242)</div><div> at org.apache.maven.surefire.booter.ForkedBooter.main(ForkedBooter.java:121)</div></div>
        </td>
</tr>
<tr>
    <td><span class="sortValue">CubeDescTest.testBadInit8</span><a href="CubeDescTest_testBadInit8_4y.html">CubeDescTest.testBadInit8</a></td>
    <td style="whitespace:nowrap;"><span class="sortValue">1513189182509</span>13 Dec 10:19:42</td>
    <td>      <span class="sortValue">3</span><span class="aui-lozenge aui-lozenge-error">FAIL</span>
  </td>
    <td><span class="sortValue">0.001</span>0.001</td>
    <td style="width:50%">
    <span class="sortValue">Aggregation&#160;group&#160;0&#160;hierarchy&#160;dimensions&#160;overlap&#160;with&#160;joint&#160;dimensions:&#160;[TEST_CATEGORY_GROUPINGS.CATEG_LVL2_NAME,&#160;TEST_CATEGORY_GROUPINGS.META_CATEG_NAME]</span>
        <span class="expand" id="togglebut12" onclick="toggleNodeExpansion('togglebut12', 'msgc12', 'msge12');return false;">&#160;</span>
        <div class="errorMessage" id="msgc12">Aggregation&#160;group&#160;0&#160;hierarchy&#160;dimensions&#160;overlap&#160;with&#160;joint&#160;dimensions:&#160;[TEST_CATEGORY_GROUPINGS.CATEG_LVL2_NAME,&#160;TEST_CATEGORY_GROUPINGS.META_CATEG_NAME]</div>
        <div class="errorMessage" id="msge12" style="display:none;"> <div>java.lang.IllegalStateException: Aggregation group 0 hierarchy dimensions overlap with joint dimensions: [TEST_CATEGORY_GROUPINGS.CATEG_LVL2_NAME, TEST_CATEGORY_GROUPINGS.META_CATEG_NAME]</div><div>	at <a href="../../../../org/apache/kylin/cube/model/CubeDesc.html?line=733#src-733">org.apache.kylin.cube.model.CubeDesc.validateAggregationGroups(CubeDesc.java:733)</a></div><div>	at <a href="../../../../org/apache/kylin/cube/model/CubeDesc.html?line=601#src-601">org.apache.kylin.cube.model.CubeDesc.init(CubeDesc.java:601)</a></div><div>	at <a href="../../../../org/apache/kylin/cube/CubeDescTest.html?line=265#src-265">org.apache.kylin.cube.CubeDescTest.testBadInit8(CubeDescTest.java:265)</a></div><div> at org.junit.runners.model.FrameworkMethod$1.runReflectiveCall(FrameworkMethod.java:50)</div><div> at org.junit.internal.runners.model.ReflectiveCallable.run(ReflectiveCallable.java:12)</div><div> at org.junit.runners.model.FrameworkMethod.invokeExplosively(FrameworkMethod.java:47)</div><div> at org.junit.internal.runners.statements.InvokeMethod.evaluate(InvokeMethod.java:17)</div><div> at org.junit.internal.runners.statements.RunBefores.evaluate(RunBefores.java:26)</div><div> at org.junit.internal.runners.statements.RunAfters.evaluate(RunAfters.java:27)</div><div> at org.junit.rules.ExpectedException$ExpectedExceptionStatement.evaluate(ExpectedException.java:239)</div><div> at org.junit.rules.RunRules.evaluate(RunRules.java:20)</div><div> at org.junit.runners.ParentRunner.runLeaf(ParentRunner.java:325)</div><div> at org.junit.runners.BlockJUnit4ClassRunner.runChild(BlockJUnit4ClassRunner.java:78)</div><div> at org.junit.runners.BlockJUnit4ClassRunner.runChild(BlockJUnit4ClassRunner.java:57)</div><div> at org.junit.runners.ParentRunner$3.run(ParentRunner.java:290)</div><div> at org.junit.runners.ParentRunner$1.schedule(ParentRunner.java:71)</div><div> at org.junit.runners.ParentRunner.runChildren(ParentRunner.java:288)</div><div> at org.junit.runners.ParentRunner.access$000(ParentRunner.java:58)</div><div> at org.junit.runners.ParentRunner$2.evaluate(ParentRunner.java:268)</div><div> at org.junit.runners.ParentRunner.run(ParentRunner.java:363)</div><div> at org.apache.maven.surefire.junit4.JUnit4Provider.execute(JUnit4Provider.java:367)</div><div> at org.apache.maven.surefire.junit4.JUnit4Provider.executeWithRerun(JUnit4Provider.java:274)</div><div> at org.apache.maven.surefire.junit4.JUnit4Provider.executeTestSet(JUnit4Provider.java:238)</div><div> at org.apache.maven.surefire.junit4.JUnit4Provider.invoke(JUnit4Provider.java:161)</div><div> at org.apache.maven.surefire.booter.ForkedBooter.invokeProviderInSameClassLoader(ForkedBooter.java:290)</div><div> at org.apache.maven.surefire.booter.ForkedBooter.runSuitesInProcess(ForkedBooter.java:242)</div><div> at org.apache.maven.surefire.booter.ForkedBooter.main(ForkedBooter.java:121)</div></div>
        </td>
</tr>
<tr>
    <td><span class="sortValue">CubeDescTest.testBadInit15</span><a href="CubeDescTest_testBadInit15_5p.html">CubeDescTest.testBadInit15</a></td>
    <td style="whitespace:nowrap;"><span class="sortValue">1513189190242</span>13 Dec 10:19:50</td>
    <td>      <span class="sortValue">3</span><span class="aui-lozenge aui-lozenge-error">FAIL</span>
  </td>
    <td><span class="sortValue">0.0</span>0</td>
    <td style="width:50%">
    <span class="sortValue">measure&#160;(TRANS_CNT)&#160;duplicates</span>
        <span class="expand" id="togglebut13" onclick="toggleNodeExpansion('togglebut13', 'msgc13', 'msge13');return false;">&#160;</span>
        <div class="errorMessage" id="msgc13">measure&#160;(TRANS_CNT)&#160;duplicates</div>
        <div class="errorMessage" id="msge13" style="display:none;"> <div>java.lang.IllegalStateException: measure (TRANS_CNT) duplicates</div><div> at com.google.common.base.Preconditions.checkState(Preconditions.java:176)</div><div>	at <a href="../../../../org/apache/kylin/cube/model/CubeDesc.html?line=1028#src-1028">org.apache.kylin.cube.model.CubeDesc.initMeasureReferenceToColumnFamily(CubeDesc.java:1028)</a></div><div>	at <a href="../../../../org/apache/kylin/cube/CubeDescTest.html?line=366#src-366">org.apache.kylin.cube.CubeDescTest.testBadInit15(CubeDescTest.java:366)</a></div><div> at org.junit.runners.model.FrameworkMethod$1.runReflectiveCall(FrameworkMethod.java:50)</div><div> at org.junit.internal.runners.model.ReflectiveCallable.run(ReflectiveCallable.java:12)</div><div> at org.junit.runners.model.FrameworkMethod.invokeExplosively(FrameworkMethod.java:47)</div><div> at org.junit.internal.runners.statements.InvokeMethod.evaluate(InvokeMethod.java:17)</div><div> at org.junit.internal.runners.statements.RunBefores.evaluate(RunBefores.java:26)</div><div> at org.junit.internal.runners.statements.RunAfters.evaluate(RunAfters.java:27)</div><div> at org.junit.rules.ExpectedException$ExpectedExceptionStatement.evaluate(ExpectedException.java:239)</div><div> at org.junit.rules.RunRules.evaluate(RunRules.java:20)</div><div> at org.junit.runners.ParentRunner.runLeaf(ParentRunner.java:325)</div><div> at org.junit.runners.BlockJUnit4ClassRunner.runChild(BlockJUnit4ClassRunner.java:78)</div><div> at org.junit.runners.BlockJUnit4ClassRunner.runChild(BlockJUnit4ClassRunner.java:57)</div><div> at org.junit.runners.ParentRunner$3.run(ParentRunner.java:290)</div><div> at org.junit.runners.ParentRunner$1.schedule(ParentRunner.java:71)</div><div> at org.junit.runners.ParentRunner.runChildren(ParentRunner.java:288)</div><div> at org.junit.runners.ParentRunner.access$000(ParentRunner.java:58)</div><div> at org.junit.runners.ParentRunner$2.evaluate(ParentRunner.java:268)</div><div> at org.junit.runners.ParentRunner.run(ParentRunner.java:363)</div><div> at org.apache.maven.surefire.junit4.JUnit4Provider.execute(JUnit4Provider.java:367)</div><div> at org.apache.maven.surefire.junit4.JUnit4Provider.executeWithRerun(JUnit4Provider.java:274)</div><div> at org.apache.maven.surefire.junit4.JUnit4Provider.executeTestSet(JUnit4Provider.java:238)</div><div> at org.apache.maven.surefire.junit4.JUnit4Provider.invoke(JUnit4Provider.java:161)</div><div> at org.apache.maven.surefire.booter.ForkedBooter.invokeProviderInSameClassLoader(ForkedBooter.java:290)</div><div> at org.apache.maven.surefire.booter.ForkedBooter.runSuitesInProcess(ForkedBooter.java:242)</div><div> at org.apache.maven.surefire.booter.ForkedBooter.main(ForkedBooter.java:121)</div></div>
        </td>
</tr>
<tr>
    <td><span class="sortValue">CubeDescTest.testBadInit13</span><a href="CubeDescTest_testBadInit13_4o.html">CubeDescTest.testBadInit13</a></td>
    <td style="whitespace:nowrap;"><span class="sortValue">1513189189451</span>13 Dec 10:19:49</td>
    <td>      <span class="sortValue">3</span><span class="aui-lozenge aui-lozenge-error">FAIL</span>
  </td>
    <td><span class="sortValue">0.001</span>0.001</td>
    <td style="width:50%">
    <span class="sortValue">measure&#160;(TRANS_CNT)&#160;is&#160;not&#160;in&#160;order</span>
        <span class="expand" id="togglebut14" onclick="toggleNodeExpansion('togglebut14', 'msgc14', 'msge14');return false;">&#160;</span>
        <div class="errorMessage" id="msgc14">measure&#160;(TRANS_CNT)&#160;is&#160;not&#160;in&#160;order</div>
        <div class="errorMessage" id="msge14" style="display:none;"> <div>java.lang.IllegalStateException: measure (TRANS_CNT) is not in order</div><div> at com.google.common.base.Preconditions.checkState(Preconditions.java:176)</div><div>	at <a href="../../../../org/apache/kylin/cube/model/CubeDesc.html?line=1031#src-1031">org.apache.kylin.cube.model.CubeDesc.initMeasureReferenceToColumnFamily(CubeDesc.java:1031)</a></div><div>	at <a href="../../../../org/apache/kylin/cube/CubeDescTest.html?line=335#src-335">org.apache.kylin.cube.CubeDescTest.testBadInit13(CubeDescTest.java:335)</a></div><div> at org.junit.runners.model.FrameworkMethod$1.runReflectiveCall(FrameworkMethod.java:50)</div><div> at org.junit.internal.runners.model.ReflectiveCallable.run(ReflectiveCallable.java:12)</div><div> at org.junit.runners.model.FrameworkMethod.invokeExplosively(FrameworkMethod.java:47)</div><div> at org.junit.internal.runners.statements.InvokeMethod.evaluate(InvokeMethod.java:17)</div><div> at org.junit.internal.runners.statements.RunBefores.evaluate(RunBefores.java:26)</div><div> at org.junit.internal.runners.statements.RunAfters.evaluate(RunAfters.java:27)</div><div> at org.junit.rules.ExpectedException$ExpectedExceptionStatement.evaluate(ExpectedException.java:239)</div><div> at org.junit.rules.RunRules.evaluate(RunRules.java:20)</div><div> at org.junit.runners.ParentRunner.runLeaf(ParentRunner.java:325)</div><div> at org.junit.runners.BlockJUnit4ClassRunner.runChild(BlockJUnit4ClassRunner.java:78)</div><div> at org.junit.runners.BlockJUnit4ClassRunner.runChild(BlockJUnit4ClassRunner.java:57)</div><div> at org.junit.runners.ParentRunner$3.run(ParentRunner.java:290)</div><div> at org.junit.runners.ParentRunner$1.schedule(ParentRunner.java:71)</div><div> at org.junit.runners.ParentRunner.runChildren(ParentRunner.java:288)</div><div> at org.junit.runners.ParentRunner.access$000(ParentRunner.java:58)</div><div> at org.junit.runners.ParentRunner$2.evaluate(ParentRunner.java:268)</div><div> at org.junit.runners.ParentRunner.run(ParentRunner.java:363)</div><div> at org.apache.maven.surefire.junit4.JUnit4Provider.execute(JUnit4Provider.java:367)</div><div> at org.apache.maven.surefire.junit4.JUnit4Provider.executeWithRerun(JUnit4Provider.java:274)</div><div> at org.apache.maven.surefire.junit4.JUnit4Provider.executeTestSet(JUnit4Provider.java:238)</div><div> at org.apache.maven.surefire.junit4.JUnit4Provider.invoke(JUnit4Provider.java:161)</div><div> at org.apache.maven.surefire.booter.ForkedBooter.invokeProviderInSameClassLoader(ForkedBooter.java:290)</div><div> at org.apache.maven.surefire.booter.ForkedBooter.runSuitesInProcess(ForkedBooter.java:242)</div><div> at org.apache.maven.surefire.booter.ForkedBooter.main(ForkedBooter.java:121)</div></div>
        </td>
</tr>
<tr>
    <td><span class="sortValue">CubeDescTest.testBadInit1</span><a href="CubeDescTest_testBadInit1_6n.html">CubeDescTest.testBadInit1</a></td>
    <td style="whitespace:nowrap;"><span class="sortValue">1513189179502</span>13 Dec 10:19:39</td>
    <td>      <span class="sortValue">3</span><span class="aui-lozenge aui-lozenge-error">FAIL</span>
  </td>
    <td><span class="sortValue">0.006</span>0.006</td>
    <td style="width:50%">
    <span class="sortValue">AggregationGroup&#160;incomplete</span>
        <span class="expand" id="togglebut15" onclick="toggleNodeExpansion('togglebut15', 'msgc15', 'msge15');return false;">&#160;</span>
        <div class="errorMessage" id="msgc15">AggregationGroup&#160;incomplete</div>
        <div class="errorMessage" id="msge15" style="display:none;"> <div>java.lang.IllegalStateException: AggregationGroup incomplete</div><div>	at <a href="../../../../org/apache/kylin/cube/model/AggregationGroup.html?line=78#src-78">org.apache.kylin.cube.model.AggregationGroup.init(AggregationGroup.java:78)</a></div><div>	at <a href="../../../../org/apache/kylin/cube/model/CubeDesc.html?line=599#src-599">org.apache.kylin.cube.model.CubeDesc.init(CubeDesc.java:599)</a></div><div>	at <a href="../../../../org/apache/kylin/cube/CubeDescTest.html?line=181#src-181">org.apache.kylin.cube.CubeDescTest.testBadInit1(CubeDescTest.java:181)</a></div><div> at org.junit.runners.model.FrameworkMethod$1.runReflectiveCall(FrameworkMethod.java:50)</div><div> at org.junit.internal.runners.model.ReflectiveCallable.run(ReflectiveCallable.java:12)</div><div> at org.junit.runners.model.FrameworkMethod.invokeExplosively(FrameworkMethod.java:47)</div><div> at org.junit.internal.runners.statements.InvokeMethod.evaluate(InvokeMethod.java:17)</div><div> at org.junit.internal.runners.statements.RunBefores.evaluate(RunBefores.java:26)</div><div> at org.junit.internal.runners.statements.RunAfters.evaluate(RunAfters.java:27)</div><div> at org.junit.rules.ExpectedException$ExpectedExceptionStatement.evaluate(ExpectedException.java:239)</div><div> at org.junit.rules.RunRules.evaluate(RunRules.java:20)</div><div> at org.junit.runners.ParentRunner.runLeaf(ParentRunner.java:325)</div><div> at org.junit.runners.BlockJUnit4ClassRunner.runChild(BlockJUnit4ClassRunner.java:78)</div><div> at org.junit.runners.BlockJUnit4ClassRunner.runChild(BlockJUnit4ClassRunner.java:57)</div><div> at org.junit.runners.ParentRunner$3.run(ParentRunner.java:290)</div><div> at org.junit.runners.ParentRunner$1.schedule(ParentRunner.java:71)</div><div> at org.junit.runners.ParentRunner.runChildren(ParentRunner.java:288)</div><div> at org.junit.runners.ParentRunner.access$000(ParentRunner.java:58)</div><div> at org.junit.runners.ParentRunner$2.evaluate(ParentRunner.java:268)</div><div> at org.junit.runners.ParentRunner.run(ParentRunner.java:363)</div><div> at org.apache.maven.surefire.junit4.JUnit4Provider.execute(JUnit4Provider.java:367)</div><div> at org.apache.maven.surefire.junit4.JUnit4Provider.executeWithRerun(JUnit4Provider.java:274)</div><div> at org.apache.maven.surefire.junit4.JUnit4Provider.executeTestSet(JUnit4Provider.java:238)</div><div> at org.apache.maven.surefire.junit4.JUnit4Provider.invoke(JUnit4Provider.java:161)</div><div> at org.apache.maven.surefire.booter.ForkedBooter.invokeProviderInSameClassLoader(ForkedBooter.java:290)</div><div> at org.apache.maven.surefire.booter.ForkedBooter.runSuitesInProcess(ForkedBooter.java:242)</div><div> at org.apache.maven.surefire.booter.ForkedBooter.main(ForkedBooter.java:121)</div></div>
        </td>
</tr>
<tr>
    <td><span class="sortValue">CubeDescTest.testDerivedInfo</span><a href="CubeDescTest_testDerivedInfo_4s.html">CubeDescTest.testDerivedInfo</a></td>
    <td style="whitespace:nowrap;"><span class="sortValue">1513189185605</span>13 Dec 10:19:45</td>
    <td>      <span class="sortValue">1</span><span class="aui-lozenge aui-lozenge-success">PASS</span>
  </td>
    <td><span class="sortValue">0.0</span>0</td>
    <td style="width:50%">
     &#160;     </td>
</tr>
<tr>
    <td><span class="sortValue">CubeDescTest.testGetCopyOf</span><a href="CubeDescTest_testGetCopyOf_5d.html">CubeDescTest.testGetCopyOf</a></td>
    <td style="whitespace:nowrap;"><span class="sortValue">1513189185985</span>13 Dec 10:19:45</td>
    <td>      <span class="sortValue">1</span><span class="aui-lozenge aui-lozenge-success">PASS</span>
  </td>
    <td><span class="sortValue">0.012</span>0.012</td>
    <td style="width:50%">
     &#160;     </td>
</tr>
<tr>
    <td><span class="sortValue">CubeDescTest.testInitPartialCube</span><a href="CubeDescTest_testInitPartialCube_5i.html">CubeDescTest.testInitPartialCube</a></td>
    <td style="whitespace:nowrap;"><span class="sortValue">1513189184726</span>13 Dec 10:19:44</td>
    <td>      <span class="sortValue">1</span><span class="aui-lozenge aui-lozenge-success">PASS</span>
  </td>
    <td><span class="sortValue">0.0</span>0</td>
    <td style="width:50%">
     &#160;     </td>
</tr>
<tr>
    <td><span class="sortValue">CubeDescTest.testCiCube</span><a href="CubeDescTest_testCiCube_66.html">CubeDescTest.testCiCube</a></td>
    <td style="whitespace:nowrap;"><span class="sortValue">1513189186402</span>13 Dec 10:19:46</td>
    <td>      <span class="sortValue">1</span><span class="aui-lozenge aui-lozenge-success">PASS</span>
  </td>
    <td><span class="sortValue">0.002</span>0.002</td>
    <td style="width:50%">
     &#160;     </td>
</tr>
<tr>
    <td><span class="sortValue">CubeDescTest.testBadInit5</span><a href="CubeDescTest_testBadInit5_5b.html">CubeDescTest.testBadInit5</a></td>
    <td style="whitespace:nowrap;"><span class="sortValue">1513189181194</span>13 Dec 10:19:41</td>
    <td>      <span class="sortValue">1</span><span class="aui-lozenge aui-lozenge-success">PASS</span>
  </td>
    <td><span class="sortValue">0.001</span>0.001</td>
    <td style="width:50%">
     &#160;     </td>
</tr>
<tr>
    <td><span class="sortValue">CubeDescTest.testGetCubeDesc</span><a href="CubeDescTest_testGetCubeDesc_65.html">CubeDescTest.testGetCubeDesc</a></td>
    <td style="whitespace:nowrap;"><span class="sortValue">1513189186770</span>13 Dec 10:19:46</td>
    <td>      <span class="sortValue">1</span><span class="aui-lozenge aui-lozenge-success">PASS</span>
  </td>
    <td><span class="sortValue">0.0</span>0</td>
    <td style="width:50%">
     &#160;     </td>
</tr>
<tr>
    <td><span class="sortValue">CubeDescTest.testSerializeMap</span><a href="CubeDescTest_testSerializeMap_59.html">CubeDescTest.testSerializeMap</a></td>
    <td style="whitespace:nowrap;"><span class="sortValue">1513189187911</span>13 Dec 10:19:47</td>
    <td>      <span class="sortValue">1</span><span class="aui-lozenge aui-lozenge-success">PASS</span>
  </td>
    <td><span class="sortValue">0.004</span>0.004</td>
    <td style="width:50%">
     &#160;     </td>
</tr>
<tr>
    <td><span class="sortValue">CubeDescTest.testSerialize</span><a href="CubeDescTest_testSerialize_63.html">CubeDescTest.testSerialize</a></td>
    <td style="whitespace:nowrap;"><span class="sortValue">1513189185163</span>13 Dec 10:19:45</td>
    <td>      <span class="sortValue">1</span><span class="aui-lozenge aui-lozenge-success">PASS</span>
  </td>
    <td><span class="sortValue">0.07</span>0.07</td>
    <td style="width:50%">
     &#160;     </td>
</tr>
<tr>
    <td><span class="sortValue">CubeDescTest.testBadInit6</span><a href="CubeDescTest_testBadInit6_4v.html">CubeDescTest.testBadInit6</a></td>
    <td style="whitespace:nowrap;"><span class="sortValue">1513189181708</span>13 Dec 10:19:41</td>
    <td>      <span class="sortValue">1</span><span class="aui-lozenge aui-lozenge-success">PASS</span>
  </td>
    <td><span class="sortValue">0.001</span>0.001</td>
    <td style="width:50%">
     &#160;     </td>
</tr>
<tr>
    <td><span class="sortValue">CubeDescTest.testGoodInit</span><a href="CubeDescTest_testGoodInit_64.html">CubeDescTest.testGoodInit</a></td>
    <td style="whitespace:nowrap;"><span class="sortValue">1513189183343</span>13 Dec 10:19:43</td>
    <td>      <span class="sortValue">1</span><span class="aui-lozenge aui-lozenge-success">PASS</span>
  </td>
    <td><span class="sortValue">0.0</span>0</td>
    <td style="width:50%">
     &#160;     </td>
</tr>

    </tbody>
</table>

    </div> <!-- tabs-pane -->
</div> <!-- aui-tabs horizontal-tabs -->

                        </div> <!-- class="aui-page-panel-content-clover" -->
                    <footer id="footer" role="contentinfo">
    <section class="footer-body">
        <ul>
            <li>
                Report generated by <a target="_new" href="http://openclover.org">OpenClover</a> v 4.2.1
                on Wed Dec 13 2017 10:25:03 PST using coverage data from Wed Dec 13 2017 10:24:58 PST.
            </li>
        </ul>
        <ul>
            <li>Clover free edition. </li>
        </ul>
    </section>
</footer>                </section> <!-- class="aui-page-panel-content" -->
            </div> <!-- class="aui-page-panel-inner" -->
        </div> <!-- class="aui-page-panel" -->
    </div> <!-- id="page" -->
</body>
</html>